生成启动时间为 2017/6/22 17:38:42。
     1>项目“C:\IridescentEngine\IridescentEngine\IridescentEngine.vcxproj”在节点 2 上(Build 个目标)。
     1>ClCompile:
         C:\Program Files (x86)\Microsoft Visual Studio 12.0\VC\bin\CL.exe /c /ZI /nologo /W3 /WX /sdl /Od /Oy- /D _WINDLL /D _MBCS /Gm /EHsc /RTC1 /MDd /GS /fp:precise /Zc:wchar_t /Zc:forScope /Fo"Debug\\" /Fd"Debug\vc120.pdb" /Gd /TP /analyze- /errorReport:prompt /D _CRT_SECURE_NO_WARNINGS Source\ai\IEpathFinder.cpp Source\control\IEinputManager.cpp Source\control\IEinputProtocol.cpp Source\control\IEkeyboard.cpp Source\control\IEmouse.cpp Source\control\IEplayerNode.cpp Source\core\animation\IEanimation.cpp Source\core\animation\IEanimationNodeProtocol.cpp Source\core\animation\IEexecute.cpp Source\core\animation\IEmoveTo.cpp Source\core\animation\IEpathTo.cpp Source\core\animation\IEscaleBy.cpp Source\core\animation\IEsynchronizeAnimation.cpp Source\core\animation\IEwander.cpp Source\core\container\IEautoRelease.cpp Source\core\container\IEautoReleasePool.cpp Source\core\container\IEcontainer.cpp Source\core\container\IEdictionary.cpp Source\core\container\IEstack.cpp Source\core\element\IEelement.cpp Source\core\element\IEprocessBar.cpp Source\core\element\IEschizo.cpp Source\core\element\IEsprite.cpp Source\core\element\IEtext.cpp Source\core\IEcamera.cpp Source\core\IElayer.cpp Source\core\IEnode.cpp Source\core\IEnodeProtocol.cpp Source\core\IEobject.cpp Source\core\IEscene.cpp Source\core\particle\IEparticle.cpp Source\core\particle\IEparticleManager.cpp Source\core\particle\IEray.cpp Source\core\shader\IEshader.cpp Source\engine\action\IEattack.cpp Source\engine\action\IEcast.cpp Source\engine\action\IEdead.cpp Source\engine\action\IEdisplacement.cpp Source\engine\action\IEfollow.cpp Source\engine\action\IEinjured.cpp Source\engine\action\IEuseProp.cpp Source\engine\action\IEawait.cpp Source\engine\action\IEaction.cpp Source\engine\action\IEactionMachine.cpp Source\engine\action\IEwalk.cpp Source\engine\action\skill\IEskill.cpp Source\engine\action\skill\IESkillsManager.cpp Source\engine\atom\creature\goal\IEGoal.cpp Source\engine\atom\creature\goal\IEGoalGo.cpp Source\engine\atom\creature\goal\IEGoalMachine.cpp Source\engine\atom\creature\IEcreaturesInfoManager.cpp Source\engine\atom\creature\IEplayer.cpp Source\engine\atom\IEatom.cpp Source\engine\atom\IEcreature.cpp Source\engine\atom\IEprop.cpp Source\engine\atom\IEstill.cpp Source\engine\atom\prop\IEdamageProp.cpp Source\engine\atom\prop\IEpickedProp.cpp Source\engine\atom\prop\IEpropsInfoManager.cpp Source\engine\atom\prop\IEpropPack.cpp Source\engine\atom\prop\IEusedProp.cpp Source\engine\IEresourcesManager.cpp Source\engine\scene\base\IEchunk.cpp Source\engine\scene\base\IEblock.cpp Source\engine\scene\base\IEarea.cpp Source\engine\scene\IEdrawScene.cpp Source\engine\scene\IEmap.cpp Source\engine\scene\IEtotalScene.cpp Source\engine\scene\marble\IEmarble.cpp Source\engine\scene\marble\IEmarbleBlock.cpp Source\engine\scene\marble\IEmarbleGrid.cpp Source\engine\scene\marble\IEmarblesInfoManager.cpp Source\engine\scene\path\IEpath.cpp Source\engine\scene\path\IEpathBlock.cpp Source\engine\scene\path\IEpathGrid.cpp Source\engine\scene\prop\IEpropLayer.cpp Source\engine\scene\terrain\IEterrain.cpp Source\engine\scene\terrain\IEterrainBlock.cpp Source\engine\scene\terrain\IEterrainGrid.cpp Source\engine\scene\terrain\IEterrainsInfoManager.cpp Source\engine\scene\terrain\items\IEwater.cpp Source\engine\scene\thing\IEthingArea.cpp Source\engine\scene\thing\IEthingChunk.cpp Source\engine\scene\thing\IEthingsInfoManager.cpp Source\engine\scene\thing\IEthing.cpp Source\engine\scene\thing\items\IEbesiegeThing.cpp Source\engine\scene\thing\items\IEdoor.cpp Source\engine\scene\thing\items\IEfire.cpp Source\engine\scene\thing\items\IEinteractionThing.cpp Source\engine\scene\thing\items\IEthingCreator.cpp Source\engine\script\IEluaCreature.cpp Source\engine\script\IEluaCollisionTrigger.cpp Source\engine\script\IEluaDamageProp.cpp Source\engine\script\IEluaNode.cpp Source\engine\script\IEluaPhysicCircle.cpp Source\engine\script\IEluaPhysicNode.cpp Source\engine\script\IEluaPhysicPolygon.cpp Source\engine\script\IEluaProp.cpp Source\engine\script\IEluaSprite.cpp Source\engine\script\IEluaThing.cpp Source\engine\trigger\clock\IEclock.cpp Source\engine\trigger\clock\IEfrapClock.cpp Source\engine\trigger\clock\IEstrikeClock.cpp Source\engine\trigger\IEbesiegeTrigger.cpp Source\engine\trigger\IEcollisionTrigger.cpp Source\engine\trigger\IEinteractionTrigger.cpp Source\engine\trigger\IEtriggerManager.cpp Source\engine\trigger\IEtrigger.cpp Source\engine\ui\IEslot.cpp Source\engine\ui\IEslotButton.cpp Source\engine\ui\IEuiScene.cpp Source\global\IEfunctions.cpp Source\global\IEsituation.cpp Source\interface\cmd\IEapplication.cpp Source\interface\cmd\IEframe.cpp Source\interface\win32\IEWin32application.cpp Source\physic\IEphysicEdgeCollision.cpp Source\physic\IEphysicNode.cpp Source\physic\IEphysicWorld.cpp Source\physic\physicEdge\IEphysicCircle.cpp Source\physic\physicEdge\IEphysicEdge.cpp Source\physic\physicEdge\IEphysicPolygon.cpp Source\physic\physicEdge\IEphysicSector.cpp Source\thread\IEconsole.cpp Source\thread\IEthread.cpp Source\thread\IEthreadPool.cpp Source\tools\IEcmdAnalyse.cpp Source\tools\IEfile.cpp Source\tools\IEfontTexture.cpp Source\tools\IEfontTTF.cpp Source\tools\IEimage.cpp Source\tools\IEscript.cpp Source\tools\IEtexture.cpp Source\tools\IEtime.cpp Source\type\IEcolor.cpp Source\type\IEgrid.cpp Source\type\IEmatrix.cpp Source\type\IEstring.cpp Source\type\IEvector.cpp Source\ui\IEuiLayer.cpp Source\ui\IEwidget.cpp
         IEwidget.cpp
         IEuiLayer.cpp
         IEvector.cpp
         IEstring.cpp
         IEmatrix.cpp
         IEgrid.cpp
         IEcolor.cpp
         IEtime.cpp
         IEtexture.cpp
         IEscript.cpp
         IEimage.cpp
         IEfontTTF.cpp
         IEfontTexture.cpp
         IEfile.cpp
         IEcmdAnalyse.cpp
         IEthreadPool.cpp
         IEthread.cpp
         IEconsole.cpp
         IEphysicSector.cpp
         IEphysicPolygon.cpp
         正在生成代码...
         正在编译...
         IEphysicEdge.cpp
         IEphysicCircle.cpp
         IEphysicWorld.cpp
         IEphysicNode.cpp
         IEphysicEdgeCollision.cpp
         IEWin32application.cpp
         IEframe.cpp
         IEapplication.cpp
         IEsituation.cpp
         IEfunctions.cpp
         IEuiScene.cpp
         IEslotButton.cpp
         IEslot.cpp
         IEtrigger.cpp
         IEtriggerManager.cpp
         IEinteractionTrigger.cpp
         IEcollisionTrigger.cpp
         IEbesiegeTrigger.cpp
         IEstrikeClock.cpp
         IEfrapClock.cpp
         正在生成代码...
         正在编译...
         IEclock.cpp
         IEluaThing.cpp
         IEluaSprite.cpp
         IEluaProp.cpp
         IEluaPhysicPolygon.cpp
         IEluaPhysicNode.cpp
         IEluaPhysicCircle.cpp
         IEluaNode.cpp
         IEluaDamageProp.cpp
         IEluaCollisionTrigger.cpp
         IEluaCreature.cpp
         IEthingCreator.cpp
         IEinteractionThing.cpp
         IEfire.cpp
         IEdoor.cpp
         IEbesiegeThing.cpp
         IEthing.cpp
         IEthingsInfoManager.cpp
         IEthingChunk.cpp
         IEthingArea.cpp
         正在生成代码...
         正在编译...
         IEwater.cpp
         IEterrainsInfoManager.cpp
         IEterrainGrid.cpp
         IEterrainBlock.cpp
         IEterrain.cpp
         IEpropLayer.cpp
         IEpathGrid.cpp
         IEpathBlock.cpp
         IEpath.cpp
         IEmarblesInfoManager.cpp
         IEmarbleGrid.cpp
         IEmarbleBlock.cpp
         IEmarble.cpp
         IEtotalScene.cpp
         IEmap.cpp
         IEdrawScene.cpp
         IEarea.cpp
         IEblock.cpp
         IEchunk.cpp
         IEresourcesManager.cpp
         正在生成代码...
         正在编译...
         IEusedProp.cpp
         IEpropPack.cpp
         IEpropsInfoManager.cpp
         IEpickedProp.cpp
         IEdamageProp.cpp
         IEstill.cpp
         IEprop.cpp
         IEcreature.cpp
         IEatom.cpp
         IEplayer.cpp
         IEcreaturesInfoManager.cpp
         IEGoalMachine.cpp
         IEGoalGo.cpp
     1>c:\iridescentengine\iridescentengine\source\engine\atom\creature\goal\iegoalgo.cpp(24): error C2065: “action”: 未声明的标识符
     1>c:\iridescentengine\iridescentengine\source\engine\atom\creature\goal\iegoalgo.cpp(24): error C2227: “->Initialization”的左边必须指向类/结构/联合/泛型类型
                 类型是“unknown-type”
     1>c:\iridescentengine\iridescentengine\source\engine\atom\creature\goal\iegoalgo.cpp(25): error C2065: “action”: 未声明的标识符
         IEGoal.cpp
         IESkillsManager.cpp
         IEskill.cpp
         IEwalk.cpp
         IEactionMachine.cpp
         IEaction.cpp
         IEawait.cpp
         正在生成代码...
         正在编译...
         IEuseProp.cpp
         IEinjured.cpp
         IEfollow.cpp
         IEdisplacement.cpp
         IEdead.cpp
         IEcast.cpp
         IEattack.cpp
         IEshader.cpp
         IEray.cpp
         IEparticleManager.cpp
         IEparticle.cpp
         IEscene.cpp
         IEobject.cpp
         IEnodeProtocol.cpp
         IEnode.cpp
         IElayer.cpp
         IEcamera.cpp
         IEtext.cpp
         IEsprite.cpp
         IEschizo.cpp
         正在生成代码...
         正在编译...
         IEprocessBar.cpp
         IEelement.cpp
         IEstack.cpp
         IEdictionary.cpp
         IEcontainer.cpp
         IEautoReleasePool.cpp
         IEautoRelease.cpp
         IEwander.cpp
         IEsynchronizeAnimation.cpp
         IEscaleBy.cpp
         IEpathTo.cpp
         IEmoveTo.cpp
         IEexecute.cpp
         IEanimationNodeProtocol.cpp
         IEanimation.cpp
         IEplayerNode.cpp
         IEmouse.cpp
         IEkeyboard.cpp
         IEinputProtocol.cpp
         IEinputManager.cpp
         正在生成代码...
         正在编译...
         IEpathFinder.cpp
         正在生成代码...
     1>已完成生成项目“C:\IridescentEngine\IridescentEngine\IridescentEngine.vcxproj”(Build 个目标)的操作 - 失败。

生成失败。

已用时间 00:01:01.75
