c:\iridescentengine\iridescentengine\debug\vc120.pdb
c:\iridescentengine\iridescentengine\debug\vc120.idb
c:\iridescentengine\iridescentengine\debug\iephysicpolygon.obj
c:\iridescentengine\iridescentengine\debug\iephysicsector.obj
c:\iridescentengine\iridescentengine\debug\ieconsole.obj
c:\iridescentengine\iridescentengine\debug\iethread.obj
c:\iridescentengine\iridescentengine\debug\iethreadpool.obj
c:\iridescentengine\iridescentengine\debug\iecmdanalyse.obj
c:\iridescentengine\iridescentengine\debug\iefile.obj
c:\iridescentengine\iridescentengine\debug\iefonttexture.obj
c:\iridescentengine\iridescentengine\debug\iefontttf.obj
c:\iridescentengine\iridescentengine\debug\ieimage.obj
c:\iridescentengine\iridescentengine\debug\iescript.obj
c:\iridescentengine\iridescentengine\debug\ietexture.obj
c:\iridescentengine\iridescentengine\debug\ietime.obj
c:\iridescentengine\iridescentengine\debug\iecolor.obj
c:\iridescentengine\iridescentengine\debug\iegrid.obj
c:\iridescentengine\iridescentengine\debug\iematrix.obj
c:\iridescentengine\iridescentengine\debug\iestring.obj
c:\iridescentengine\iridescentengine\debug\ievector.obj
c:\iridescentengine\iridescentengine\debug\ieuilayer.obj
c:\iridescentengine\iridescentengine\debug\iewidget.obj
c:\iridescentengine\iridescentengine\debug\iefrapclock.obj
c:\iridescentengine\iridescentengine\debug\iestrikeclock.obj
c:\iridescentengine\iridescentengine\debug\iebesiegetrigger.obj
c:\iridescentengine\iridescentengine\debug\iecollisiontrigger.obj
c:\iridescentengine\iridescentengine\debug\ieinteractiontrigger.obj
c:\iridescentengine\iridescentengine\debug\ietriggermanager.obj
c:\iridescentengine\iridescentengine\debug\ietrigger.obj
c:\iridescentengine\iridescentengine\debug\ieslot.obj
c:\iridescentengine\iridescentengine\debug\ieslotbutton.obj
c:\iridescentengine\iridescentengine\debug\ieuiscene.obj
c:\iridescentengine\iridescentengine\debug\iefunctions.obj
c:\iridescentengine\iridescentengine\debug\iesituation.obj
c:\iridescentengine\iridescentengine\debug\ieapplication.obj
c:\iridescentengine\iridescentengine\debug\ieframe.obj
c:\iridescentengine\iridescentengine\debug\iewin32application.obj
c:\iridescentengine\iridescentengine\debug\iephysicedgecollision.obj
c:\iridescentengine\iridescentengine\debug\iephysicnode.obj
c:\iridescentengine\iridescentengine\debug\iephysicworld.obj
c:\iridescentengine\iridescentengine\debug\iephysiccircle.obj
c:\iridescentengine\iridescentengine\debug\iephysicedge.obj
c:\iridescentengine\iridescentengine\debug\iethingarea.obj
c:\iridescentengine\iridescentengine\debug\iethingchunk.obj
c:\iridescentengine\iridescentengine\debug\iethingsinfomanager.obj
c:\iridescentengine\iridescentengine\debug\iething.obj
c:\iridescentengine\iridescentengine\debug\iebesiegething.obj
c:\iridescentengine\iridescentengine\debug\iedoor.obj
c:\iridescentengine\iridescentengine\debug\iefire.obj
c:\iridescentengine\iridescentengine\debug\ieinteractionthing.obj
c:\iridescentengine\iridescentengine\debug\iethingcreator.obj
c:\iridescentengine\iridescentengine\debug\ieluacreature.obj
c:\iridescentengine\iridescentengine\debug\ieluacollisiontrigger.obj
c:\iridescentengine\iridescentengine\debug\ieluadamageprop.obj
c:\iridescentengine\iridescentengine\debug\ieluanode.obj
c:\iridescentengine\iridescentengine\debug\ieluaphysiccircle.obj
c:\iridescentengine\iridescentengine\debug\ieluaphysicnode.obj
c:\iridescentengine\iridescentengine\debug\ieluaphysicpolygon.obj
c:\iridescentengine\iridescentengine\debug\ieluaprop.obj
c:\iridescentengine\iridescentengine\debug\ieluasprite.obj
c:\iridescentengine\iridescentengine\debug\ieluathing.obj
c:\iridescentengine\iridescentengine\debug\ieclock.obj
c:\iridescentengine\iridescentengine\debug\ieresourcesmanager.obj
c:\iridescentengine\iridescentengine\debug\iechunk.obj
c:\iridescentengine\iridescentengine\debug\ieblock.obj
c:\iridescentengine\iridescentengine\debug\iearea.obj
c:\iridescentengine\iridescentengine\debug\iedrawscene.obj
c:\iridescentengine\iridescentengine\debug\iemap.obj
c:\iridescentengine\iridescentengine\debug\ietotalscene.obj
c:\iridescentengine\iridescentengine\debug\iemarble.obj
c:\iridescentengine\iridescentengine\debug\iemarbleblock.obj
c:\iridescentengine\iridescentengine\debug\iemarblegrid.obj
c:\iridescentengine\iridescentengine\debug\iemarblesinfomanager.obj
c:\iridescentengine\iridescentengine\debug\iepath.obj
c:\iridescentengine\iridescentengine\debug\iepathblock.obj
c:\iridescentengine\iridescentengine\debug\iepathgrid.obj
c:\iridescentengine\iridescentengine\debug\ieproplayer.obj
c:\iridescentengine\iridescentengine\debug\ieterrain.obj
c:\iridescentengine\iridescentengine\debug\ieterrainblock.obj
c:\iridescentengine\iridescentengine\debug\ieterraingrid.obj
c:\iridescentengine\iridescentengine\debug\ieterrainsinfomanager.obj
c:\iridescentengine\iridescentengine\debug\iewater.obj
c:\iridescentengine\iridescentengine\debug\ieawait.obj
c:\iridescentengine\iridescentengine\debug\ieaction.obj
c:\iridescentengine\iridescentengine\debug\ieactionmachine.obj
c:\iridescentengine\iridescentengine\debug\iewalk.obj
c:\iridescentengine\iridescentengine\debug\ieskill.obj
c:\iridescentengine\iridescentengine\debug\ieskillsmanager.obj
c:\iridescentengine\iridescentengine\debug\iegoal.obj
c:\iridescentengine\iridescentengine\debug\iegoalmachine.obj
c:\iridescentengine\iridescentengine\debug\iecreaturesinfomanager.obj
c:\iridescentengine\iridescentengine\debug\ieplayer.obj
c:\iridescentengine\iridescentengine\debug\ieatom.obj
c:\iridescentengine\iridescentengine\debug\iecreature.obj
c:\iridescentengine\iridescentengine\debug\ieprop.obj
c:\iridescentengine\iridescentengine\debug\iestill.obj
c:\iridescentengine\iridescentengine\debug\iedamageprop.obj
c:\iridescentengine\iridescentengine\debug\iepickedprop.obj
c:\iridescentengine\iridescentengine\debug\iepropsinfomanager.obj
c:\iridescentengine\iridescentengine\debug\ieproppack.obj
c:\iridescentengine\iridescentengine\debug\ieusedprop.obj
c:\iridescentengine\iridescentengine\debug\ieschizo.obj
c:\iridescentengine\iridescentengine\debug\iesprite.obj
c:\iridescentengine\iridescentengine\debug\ietext.obj
c:\iridescentengine\iridescentengine\debug\iecamera.obj
c:\iridescentengine\iridescentengine\debug\ielayer.obj
c:\iridescentengine\iridescentengine\debug\ienode.obj
c:\iridescentengine\iridescentengine\debug\ienodeprotocol.obj
c:\iridescentengine\iridescentengine\debug\ieobject.obj
c:\iridescentengine\iridescentengine\debug\iescene.obj
c:\iridescentengine\iridescentengine\debug\ieparticle.obj
c:\iridescentengine\iridescentengine\debug\ieparticlemanager.obj
c:\iridescentengine\iridescentengine\debug\ieray.obj
c:\iridescentengine\iridescentengine\debug\ieshader.obj
c:\iridescentengine\iridescentengine\debug\ieattack.obj
c:\iridescentengine\iridescentengine\debug\iecast.obj
c:\iridescentengine\iridescentengine\debug\iedead.obj
c:\iridescentengine\iridescentengine\debug\iedisplacement.obj
c:\iridescentengine\iridescentengine\debug\iefollow.obj
c:\iridescentengine\iridescentengine\debug\ieinjured.obj
c:\iridescentengine\iridescentengine\debug\ieuseprop.obj
c:\iridescentengine\iridescentengine\debug\ieinputmanager.obj
c:\iridescentengine\iridescentengine\debug\ieinputprotocol.obj
c:\iridescentengine\iridescentengine\debug\iekeyboard.obj
c:\iridescentengine\iridescentengine\debug\iemouse.obj
c:\iridescentengine\iridescentengine\debug\ieplayernode.obj
c:\iridescentengine\iridescentengine\debug\ieanimation.obj
c:\iridescentengine\iridescentengine\debug\ieanimationnodeprotocol.obj
c:\iridescentengine\iridescentengine\debug\ieexecute.obj
c:\iridescentengine\iridescentengine\debug\iemoveto.obj
c:\iridescentengine\iridescentengine\debug\iepathto.obj
c:\iridescentengine\iridescentengine\debug\iescaleby.obj
c:\iridescentengine\iridescentengine\debug\iesynchronizeanimation.obj
c:\iridescentengine\iridescentengine\debug\iewander.obj
c:\iridescentengine\iridescentengine\debug\ieautorelease.obj
c:\iridescentengine\iridescentengine\debug\ieautoreleasepool.obj
c:\iridescentengine\iridescentengine\debug\iecontainer.obj
c:\iridescentengine\iridescentengine\debug\iedictionary.obj
c:\iridescentengine\iridescentengine\debug\iestack.obj
c:\iridescentengine\iridescentengine\debug\ieelement.obj
c:\iridescentengine\iridescentengine\debug\ieprocessbar.obj
c:\iridescentengine\iridescentengine\debug\iepathfinder.obj
c:\iridescentengine\iridescentengine\debug\vc140.pdb
c:\iridescentengine\iridescentengine\debug\iegoalgo.obj
c:\iridescentengine\iridescentengine\debug\iegoaltarget.obj
c:\iridescentengine\iridescentengine\debug\iejoint.obj
c:\iridescentengine\iridescentengine\debug\ietexturepacker.obj
c:\iridescentengine\iridescentengine\debug\ieterrainchunk..obj
c:\iridescentengine\iridescentengine\debug\vc140.idb
c:\iridescentengine\iridescentengine\debug\iridescentengine.vcxprojresolveassemblyreference.cache
c:\iridescentengine\debug\iridescentengine.pdb
c:\iridescentengine\iridescentengine\debug\iridescentengine.tlog\cl.command.1.tlog
c:\iridescentengine\iridescentengine\debug\iridescentengine.tlog\cl.read.1.tlog
c:\iridescentengine\iridescentengine\debug\iridescentengine.tlog\cl.write.1.tlog
c:\iridescentengine\iridescentengine\debug\iridescentengine.tlog\link-cvtres.read.1.tlog
c:\iridescentengine\iridescentengine\debug\iridescentengine.tlog\link-cvtres.write.1.tlog
c:\iridescentengine\iridescentengine\debug\iridescentengine.tlog\link-rc.read.1.tlog
c:\iridescentengine\iridescentengine\debug\iridescentengine.tlog\link-rc.write.1.tlog
c:\iridescentengine\iridescentengine\debug\iridescentengine.tlog\link.command.1.tlog
c:\iridescentengine\iridescentengine\debug\iridescentengine.tlog\link.read.1.tlog
c:\iridescentengine\iridescentengine\debug\iridescentengine.tlog\link.write.1.tlog
